[01.10.2023 12:00:00.813][Info][RequestHandler] Request #1 with 10 items received from user t*s*u*e*1@domain.com
[01.11.2023 12:00:00.813][Info][SomethingHandler] Request #2 with 5 items received
[01.12.2023 12:00:00.813][Info][RequestHandler] Request #3 with 12 items received
[10.05.2023 12:00:00.813][Info][RequestHandler] Request #4 with 8 items received from user t*s*u*e*4@domain.com
[02.10.2023 15:00:00.813][Error][RequestHandler] Request #5 with 15 items received from user t*s*u*e*5@domain.com
[01.10.2023 12:00:00.813][Info][RequestHandler] Request #30 with 1 items received from user 7*7*x*m*l*@domain.com
[01.11.2023 12:00:00.813][Info][RequestHandler] Request #49 with 24 items received from user e*a*8*8*l*@domain.com
[01.12.2023 12:00:00.813][Info][RequestHandler] Request #70 with 2432 items received from user e*a*2*3*m*l*@domain.com
[10.05.2023 12:00:00.813][Info][RequestHandler] Request #689 with 232 items received from user 1*3*@domain.com
[14.10.2023 12:00:00.813][Info][RequestHandler] Request #16 with 7 items received from user t*s*u*e*1*@domain.com
[15.10.2023 12:00:00.813][Warning][EventHandler] Request #17 with 18 items received
[16.10.2023 12:00:00.813][Info][EventHandler] Request #18 with 23 items received from user t*s*u*e*1*@domain.com
[17.10.2023 12:00:00.813][Info][EventHandler] Request #19 with 4 items received
[18.10.2023 12:00:00.813][Error][EventHandler] Request #20 with 13 items received from user t*s*u*e*2*@domain.com
[01.10.2023 12:00:00.813][Info][RequestHandler] Request #30 with 1 items received from user 7*7*x*m*l*@domain.com
[01.11.2023 12:00:00.813][Info][RequestHandler] Request #49 with 24 items received from user e*a*8*8*l*@domain.com
[01.12.2023 12:00:00.813][Info][RequestHandler] Request #70 with 2432 items received from user e*a*2*3*m*l*@domain.com
[10.05.2023 12:00:00.813][Error][RequestHandler] Request #689 with 232 items received from user 1*3*@domain.com
[01.10.2023 12:00:00.813][Info][RequestHandler] Request #30 with 1 items received from user 7*7*x*m*l*@domain.com
[01.11.2023 12:00:00.813][Info][PutHandler] Request #49 with 24 items received from user e*a*8*8*l*@domain.com
[01.12.2023 12:00:00.813][Info][EventHandler] Request #70 with 2432 items received from user e*a*2*3*m*l*@domain.com
[10.05.2023 12:00:00.813][Info][RequestHandler] Request #689 with 232 items received from user 1*3*@domain.com
